<?xml version="1.0" encoding="UTF-8"?>
<!-- Generated by org.testng.reporters.JUnitXMLReporter -->
<testsuite ignored="0" hostname="DESKTOP-OSOCRLT" failures="0" tests="3" name="Default test" time="124.759" errors="0" timestamp="2022-03-12T11:46:56 IST">
  <testcase classname="com.ecom.webapp.Testing" name="register" time="40.881"/>
  <testcase classname="com.ecom.webapp.Testing" name="login" time="18.568"/>
  <testcase classname="com.ecom.webapp.Testing" name="addToCart" time="19.82"/>
</testsuite> <!-- Default test -->
