<?xml version="1.0" encoding="UTF-8"?>
<!-- Generated by org.testng.reporters.JUnitXMLReporter -->
<testsuite ignored="0" hostname="LAPTOP-NE55887S" failures="0" tests="9" name="GroupTestUnit" time="21.389" errors="0" timestamp="2021-05-28T16:56:14 IST">
  <testcase classname="com.ecom.webapp.TestNgGroupTest" name="launchChromeTest" time="5.485"/>
  <testcase classname="com.ecom.webapp.TestNgGroupTest" name="launchMicrosoftEdgeTest" time="10.316"/>
  <testcase classname="com.ecom.webapp.TestNgStandardAnnotationsTest" name="testOne" time="0.002"/>
  <testcase classname="com.ecom.webapp.TestNgStandardAnnotationsTest" name="testThree" time="0.001"/>
  <testcase classname="com.ecom.webapp.TestNgStandardAnnotationsTest" name="testTwo" time="0.002"/>
  <testcase classname="com.ecom.webapp.TestNgGroupTest" name="testAmazonHomePage" time="0.029"/>
  <testcase classname="com.ecom.webapp.TestNgGroupTest" name="testSimplilearnHomePageTitle" time="0.018"/>
  <testcase classname="com.ecom.webapp.TestNgGroupTest" name="testAmazonSourceURL" time="5.025"/>
  <testcase classname="com.ecom.webapp.TestNgGroupTest" name="testSimplilearnSourceURL" time="0.472"/>
</testsuite> <!-- GroupTestUnit -->
