<?xml version="1.0" encoding="UTF-8"?>
<!-- Generated by org.testng.reporters.JUnitXMLReporter -->
<testsuite ignored="0" hostname="LAPTOP-NE55887S" failures="0" tests="4" name="HomepageTestUnit" time="50.119" errors="0" timestamp="2021-05-28T16:55:53 IST">
  <testcase classname="com.ecom.webapp.AmazonNavigationDemo" name="testMobileLinkNavigation" time="3.067"/>
  <testcase classname="com.ecom.webapp.AmazonHomePage" name="homePageTitleVerification" time="0.071"/>
  <testcase classname="com.ecom.webapp.AmazonHomePage" name="testUrl" time="0.025"/>
  <testcase classname="com.ecom.webapp.AmazonNavigationDemo" name="testFashion" time="5.164"/>
</testsuite> <!-- HomepageTestUnit -->
