<?xml version="1.0" encoding="UTF-8"?>
<!-- Generated by org.testng.reporters.JUnitReportReporter -->
<testsuite hostname="DESKTOP-OSOCRLT" failures="0" tests="3" name="com.ecom.webapp.SoftAssertWithSimplilearnLogIn" time="28.039" errors="0" timestamp="2022-03-10T18:25:48 IST" skipped="0">
  <testcase classname="com.ecom.webapp.SoftAssertWithSimplilearnLogIn" name="launchChromeTest" time="27.324"/>
  <system-out/>
  <testcase classname="com.ecom.webapp.SoftAssertWithSimplilearnLogIn" name="testSimplilearnHomePageTitle" time="0.016"/>
  <system-out/>
  <testcase classname="com.ecom.webapp.SoftAssertWithSimplilearnLogIn" name="testSimplilearnLogin" time="0.699"/>
  <system-out/>
</testsuite> <!-- com.ecom.webapp.SoftAssertWithSimplilearnLogIn -->
