<?xml version="1.0" encoding="UTF-8"?>
<!-- Generated by org.testng.reporters.JUnitReportReporter -->
<testsuite hostname="DESKTOP-OSOCRLT" failures="0" tests="3" name="com.ecom.webapp.AmazonProductSearch" time="70.547" errors="0" timestamp="2022-03-11T13:10:35 IST" skipped="0">
  <testcase classname="com.ecom.webapp.AmazonProductSearch" name="testForSearchProduct3" time="22.824"/>
  <system-out/>
  <testcase classname="com.ecom.webapp.AmazonProductSearch" name="testForSearchProduct2" time="26.605"/>
  <system-out/>
  <testcase classname="com.ecom.webapp.AmazonProductSearch" name="testForSearchProduct1" time="21.118"/>
  <system-out/>
</testsuite> <!-- com.ecom.webapp.AmazonProductSearch -->
