<?xml version="1.0" encoding="UTF-8"?>
<!-- Generated by org.testng.reporters.JUnitReportReporter -->
<testsuite hostname="DESKTOP-OSOCRLT" failures="0" tests="6" name="com.ecom.webapp.TestNgGroupTest" time="20.885" errors="1" timestamp="2022-03-11T13:12:18 IST" skipped="2">
  <testcase classname="com.ecom.webapp.TestNgGroupTest" name="launchChromeTest" time="20.370"/>
  <system-out/>
  <testcase classname="com.ecom.webapp.TestNgGroupTest" name="launchMicrosoftEdgeTest" time="0.015">
    <error message="The driver executable does not exist: C:\Users\Admin\Downloads\phase-5-selenium-testng-master\phase-5-selenium-testng-master\driver\msedgedriver.exe" type="java.lang.IllegalStateException">
      <![CDATA[java.lang.IllegalStateException: The driver executable does not exist: C:\Users\Admin\Downloads\phase-5-selenium-testng-master\phase-5-selenium-testng-master\driver\msedgedriver.exe
at com.google.common.base.Preconditions.checkState(Preconditions.java:585)
at org.openqa.selenium.remote.service.DriverService.checkExecutable(DriverService.java:146)
at org.openqa.selenium.remote.service.DriverService.findExecutable(DriverService.java:141)
at org.openqa.selenium.edge.EdgeDriverService.access$000(EdgeDriverService.java:37)
at org.openqa.selenium.edge.EdgeDriverService$Builder.findDefaultExecutable(EdgeDriverService.java:90)
at org.openqa.selenium.remote.service.DriverService$Builder.build(DriverService.java:355)
at org.openqa.selenium.edge.EdgeDriverService.createDefaultService(EdgeDriverService.java:70)
at org.openqa.selenium.edge.EdgeDriver.<init>(EdgeDriver.java:96)
at com.ecom.webapp.TestNgGroupTest.launchMicrosoftEdgeTest(TestNgGroupTest.java:51)
at java.base/jdk.internal.reflect.NativeMethodAccessorImpl.invoke0(Native Method)
at java.base/jdk.internal.reflect.NativeMethodAccessorImpl.invoke(NativeMethodAccessorImpl.java:62)
at java.base/jdk.internal.reflect.DelegatingMethodAccessorImpl.invoke(DelegatingMethodAccessorImpl.java:43)
at java.base/java.lang.reflect.Method.invoke(Method.java:566)
at org.testng.internal.MethodInvocationHelper.invokeMethod(MethodInvocationHelper.java:133)
at org.testng.internal.TestInvoker.invokeMethod(TestInvoker.java:598)
at org.testng.internal.TestInvoker.invokeTestMethod(TestInvoker.java:173)
at org.testng.internal.MethodRunner.runInSequence(MethodRunner.java:46)
at org.testng.internal.TestInvoker$MethodInvocationAgent.invoke(TestInvoker.java:824)
at org.testng.internal.TestInvoker.invokeTestMethods(TestInvoker.java:146)
at org.testng.internal.TestMethodWorker.invokeTestMethods(TestMethodWorker.java:146)
at org.testng.internal.TestMethodWorker.run(TestMethodWorker.java:128)
at java.base/java.util.ArrayList.forEach(ArrayList.java:1541)
at org.testng.TestRunner.privateRun(TestRunner.java:794)
at org.testng.TestRunner.run(TestRunner.java:596)
at org.testng.SuiteRunner.runTest(SuiteRunner.java:377)
at org.testng.SuiteRunner.runSequentially(SuiteRunner.java:371)
at org.testng.SuiteRunner.privateRun(SuiteRunner.java:332)
at org.testng.SuiteRunner.run(SuiteRunner.java:276)
at org.testng.SuiteRunnerWorker.runSuite(SuiteRunnerWorker.java:53)
at org.testng.SuiteRunnerWorker.run(SuiteRunnerWorker.java:96)
at org.testng.TestNG.runSuitesSequentially(TestNG.java:1212)
at org.testng.TestNG.runSuitesLocally(TestNG.java:1134)
at org.testng.TestNG.runSuites(TestNG.java:1063)
at org.testng.TestNG.run(TestNG.java:1031)
at org.testng.remote.AbstractRemoteTestNG.run(AbstractRemoteTestNG.java:115)
at org.testng.remote.RemoteTestNG.initAndRun(RemoteTestNG.java:251)
at org.testng.remote.RemoteTestNG.main(RemoteTestNG.java:77)
]]>
    </error>
  </testcase> <!-- launchMicrosoftEdgeTest -->
  <system-out/>
  <testcase classname="com.ecom.webapp.TestNgGroupTest" name="testAmazonHomePage" time="0.127"/>
  <system-out/>
  <testcase classname="com.ecom.webapp.TestNgGroupTest" name="testSimplilearnHomePageTitle" time="0.000">
    <skipped/>
  </testcase> <!-- testSimplilearnHomePageTitle -->
  <system-out/>
  <testcase classname="com.ecom.webapp.TestNgGroupTest" name="testAmazonSourceURL" time="0.373"/>
  <system-out/>
  <testcase classname="com.ecom.webapp.TestNgGroupTest" name="testSimplilearnSourceURL" time="0.000">
    <skipped/>
  </testcase> <!-- testSimplilearnSourceURL -->
  <system-out/>
</testsuite> <!-- com.ecom.webapp.TestNgGroupTest -->
