<?xml version="1.0" encoding="UTF-8"?>
<!-- Generated by org.testng.reporters.JUnitReportReporter -->
<testsuite hostname="DESKTOP-OSOCRLT" failures="0" tests="3" name="com.ecom.webapp.Testing" time="124.682" errors="0" timestamp="2022-03-12T11:46:57 IST" skipped="0">
  <testcase classname="com.ecom.webapp.Testing" name="register" time="54.210"/>
  <system-out/>
  <testcase classname="com.ecom.webapp.Testing" name="login" time="38.361"/>
  <system-out/>
  <testcase classname="com.ecom.webapp.Testing" name="addToCart" time="32.111"/>
  <system-out/>
</testsuite> <!-- com.ecom.webapp.Testing -->
